<torch._C.Generator object at 0x7f5b04894310>
None
None
1234
cuda
<torch.utils.data.dataloader._SingleProcessDataLoaderIter object at 0x7f5af0f138e0>
Number of FastSpeech2 Parameters: 45777547
Training:   0%|          | 0/1000000 [00:00<?, ?it/s]
Epoch 1:   0%|          | 0/803 [00:00<?, ?it/s][ATraceback (most recent call last):
  File "/work/gfang/FastSpeech2Epoch2/train.py", line 322, in <module>
    main(args, configs)
  File "/work/gfang/FastSpeech2Epoch2/train.py", line 153, in main
    total_loss.backward()
  File "/home/gfang/.local/lib/python3.9/site-packages/torch/_tensor.py", line 487, in backward
    torch.autograd.backward(
  File "/home/gfang/.local/lib/python3.9/site-packages/torch/autograd/__init__.py", line 200, in backward
    Variable._execution_engine.run_backward(  # Calls into the C++ engine to run the backward pass
RuntimeError: CUDA error: device-side assert triggered
CUDA kernel errors might be asynchronously reported at some other API call, so the stacktrace below might be incorrect.
For debugging consider passing CUDA_LAUNCH_BLOCKING=1.
Compile with `TORCH_USE_CUDA_DSA` to enable device-side assertions.

../aten/src/ATen/native/cuda/Loss.cu:240: nll_loss_forward_reduce_cuda_kernel_2d: block: [0,0,0], thread: [0,0,0] Assertion `t >= 0 && t < n_classes` failed.
../aten/src/ATen/native/cuda/Loss.cu:240: nll_loss_forward_reduce_cuda_kernel_2d: block: [0,0,0], thread: [1,0,0] Assertion `t >= 0 && t < n_classes` failed.
../aten/src/ATen/native/cuda/Loss.cu:240: nll_loss_forward_reduce_cuda_kernel_2d: block: [0,0,0], thread: [2,0,0] Assertion `t >= 0 && t < n_classes` failed.
../aten/src/ATen/native/cuda/Loss.cu:240: nll_loss_forward_reduce_cuda_kernel_2d: block: [0,0,0], thread: [3,0,0] Assertion `t >= 0 && t < n_classes` failed.
../aten/src/ATen/native/cuda/Loss.cu:240: nll_loss_forward_reduce_cuda_kernel_2d: block: [0,0,0], thread: [4,0,0] Assertion `t >= 0 && t < n_classes` failed.
../aten/src/ATen/native/cuda/Loss.cu:240: nll_loss_forward_reduce_cuda_kernel_2d: block: [0,0,0], thread: [5,0,0] Assertion `t >= 0 && t < n_classes` failed.
../aten/src/ATen/native/cuda/Loss.cu:240: nll_loss_forward_reduce_cuda_kernel_2d: block: [0,0,0], thread: [6,0,0] Assertion `t >= 0 && t < n_classes` failed.
../aten/src/ATen/native/cuda/Loss.cu:240: nll_loss_forward_reduce_cuda_kernel_2d: block: [0,0,0], thread: [7,0,0] Assertion `t >= 0 && t < n_classes` failed.
../aten/src/ATen/native/cuda/Loss.cu:240: nll_loss_forward_reduce_cuda_kernel_2d: block: [0,0,0], thread: [8,0,0] Assertion `t >= 0 && t < n_classes` failed.
../aten/src/ATen/native/cuda/Loss.cu:240: nll_loss_forward_reduce_cuda_kernel_2d: block: [0,0,0], thread: [9,0,0] Assertion `t >= 0 && t < n_classes` failed.
../aten/src/ATen/native/cuda/Loss.cu:240: nll_loss_forward_reduce_cuda_kernel_2d: block: [0,0,0], thread: [10,0,0] Assertion `t >= 0 && t < n_classes` failed.
../aten/src/ATen/native/cuda/Loss.cu:240: nll_loss_forward_reduce_cuda_kernel_2d: block: [0,0,0], thread: [11,0,0] Assertion `t >= 0 && t < n_classes` failed.
../aten/src/ATen/native/cuda/Loss.cu:240: nll_loss_forward_reduce_cuda_kernel_2d: block: [0,0,0], thread: [12,0,0] Assertion `t >= 0 && t < n_classes` failed.
../aten/src/ATen/native/cuda/Loss.cu:240: nll_loss_forward_reduce_cuda_kernel_2d: block: [0,0,0], thread: [13,0,0] Assertion `t >= 0 && t < n_classes` failed.
../aten/src/ATen/native/cuda/Loss.cu:240: nll_loss_forward_reduce_cuda_kernel_2d: block: [0,0,0], thread: [14,0,0] Assertion `t >= 0 && t < n_classes` failed.
../aten/src/ATen/native/cuda/Loss.cu:240: nll_loss_forward_reduce_cuda_kernel_2d: block: [0,0,0], thread: [15,0,0] Assertion `t >= 0 && t < n_classes` failed.
../aten/src/ATen/native/cuda/Loss.cu:240: nll_loss_forward_reduce_cuda_kernel_2d: block: [0,0,0], thread: [16,0,0] Assertion `t >= 0 && t < n_classes` failed.
../aten/src/ATen/native/cuda/Loss.cu:240: nll_loss_forward_reduce_cuda_kernel_2d: block: [0,0,0], thread: [17,0,0] Assertion `t >= 0 && t < n_classes` failed.
../aten/src/ATen/native/cuda/Loss.cu:240: nll_loss_forward_reduce_cuda_kernel_2d: block: [0,0,0], thread: [18,0,0] Assertion `t >= 0 && t < n_classes` failed.
../aten/src/ATen/native/cuda/Loss.cu:240: nll_loss_forward_reduce_cuda_kernel_2d: block: [0,0,0], thread: [19,0,0] Assertion `t >= 0 && t < n_classes` failed.
../aten/src/ATen/native/cuda/Loss.cu:240: nll_loss_forward_reduce_cuda_kernel_2d: block: [0,0,0], thread: [20,0,0] Assertion `t >= 0 && t < n_classes` failed.
../aten/src/ATen/native/cuda/Loss.cu:240: nll_loss_forward_reduce_cuda_kernel_2d: block: [0,0,0], thread: [21,0,0] Assertion `t >= 0 && t < n_classes` failed.
../aten/src/ATen/native/cuda/Loss.cu:240: nll_loss_forward_reduce_cuda_kernel_2d: block: [0,0,0], thread: [22,0,0] Assertion `t >= 0 && t < n_classes` failed.
../aten/src/ATen/native/cuda/Loss.cu:240: nll_loss_forward_reduce_cuda_kernel_2d: block: [0,0,0], thread: [23,0,0] Assertion `t >= 0 && t < n_classes` failed.
../aten/src/ATen/native/cuda/Loss.cu:240: nll_loss_forward_reduce_cuda_kernel_2d: block: [0,0,0], thread: [24,0,0] Assertion `t >= 0 && t < n_classes` failed.
../aten/src/ATen/native/cuda/Loss.cu:240: nll_loss_forward_reduce_cuda_kernel_2d: block: [0,0,0], thread: [25,0,0] Assertion `t >= 0 && t < n_classes` failed.
../aten/src/ATen/native/cuda/Loss.cu:240: nll_loss_forward_reduce_cuda_kernel_2d: block: [0,0,0], thread: [26,0,0] Assertion `t >= 0 && t < n_classes` failed.
../aten/src/ATen/native/cuda/Loss.cu:240: nll_loss_forward_reduce_cuda_kernel_2d: block: [0,0,0], thread: [27,0,0] Assertion `t >= 0 && t < n_classes` failed.
../aten/src/ATen/native/cuda/Loss.cu:240: nll_loss_forward_reduce_cuda_kernel_2d: block: [0,0,0], thread: [28,0,0] Assertion `t >= 0 && t < n_classes` failed.
../aten/src/ATen/native/cuda/Loss.cu:240: nll_loss_forward_reduce_cuda_kernel_2d: block: [0,0,0], thread: [29,0,0] Assertion `t >= 0 && t < n_classes` failed.
../aten/src/ATen/native/cuda/Loss.cu:240: nll_loss_forward_reduce_cuda_kernel_2d: block: [0,0,0], thread: [30,0,0] Assertion `t >= 0 && t < n_classes` failed.
../aten/src/ATen/native/cuda/Loss.cu:240: nll_loss_forward_reduce_cuda_kernel_2d: block: [0,0,0], thread: [31,0,0] Assertion `t >= 0 && t < n_classes` failed.
Training:   0%|          | 2/1000000 [00:02<331:54:42,  1.19s/it]
Epoch 1:   0%|          | 0/803 [00:02<?, ?it/s]
